This is pdfTeX, Version 3.1415926-2.5-1.40.14 (MiKTeX 2.9 64-bit) (preloaded format=pdflatex 2014.4.17)  20 APR 2014 09:28
entering extended mode
**Hare_Tyner_ExtensiveAssn2.tex

(C:\Users\Eric\Documents\GitHub\extensive-assignments\ext2\Hare_Tyner_Extensive
Assn2.tex
LaTeX2e <2011/06/27>
Babel <v3.8m> and hyphenation patterns for english, afrikaans, ancientgreek, ar
abic, armenian, assamese, basque, bengali, bokmal, bulgarian, catalan, coptic, 
croatian, czech, danish, dutch, esperanto, estonian, farsi, finnish, french, ga
lician, german, german-x-2013-05-26, greek, gujarati, hindi, hungarian, iceland
ic, indonesian, interlingua, irish, italian, kannada, kurmanji, latin, latvian,
 lithuanian, malayalam, marathi, mongolian, mongolianlmc, monogreek, ngerman, n
german-x-2013-05-26, nynorsk, oriya, panjabi, pinyin, polish, portuguese, roman
ian, russian, sanskrit, serbian, slovak, slovenian, spanish, swedish, swissgerm
an, tamil, telugu, turkish, turkmen, ukenglish, ukrainian, uppersorbian, usengl
ishmax, welsh, loaded.
("C:\Program Files\MiKTeX 2.9\tex\latex\base\article.cls"
Document Class: article 2007/10/19 v1.4h Standard LaTeX document class
("C:\Program Files\MiKTeX 2.9\tex\latex\base\size11.clo"
File: size11.clo 2007/10/19 v1.4h Standard LaTeX file (size option)
)
\c@part=\count79
\c@section=\count80
\c@subsection=\count81
\c@subsubsection=\count82
\c@paragraph=\count83
\c@subparagraph=\count84
\c@figure=\count85
\c@table=\count86
\abovecaptionskip=\skip41
\belowcaptionskip=\skip42
\bibindent=\dimen102
)
(C:\Users\Eric\Documents\GitHub\extensive-assignments\ext2\knitr.sty
("C:\Program Files\MiKTeX 2.9\tex\latex\graphics\graphicx.sty"
Package: graphicx 1999/02/16 v1.0f Enhanced LaTeX Graphics (DPC,SPQR)

("C:\Program Files\MiKTeX 2.9\tex\latex\graphics\keyval.sty"
Package: keyval 1999/03/16 v1.13 key=value parser (DPC)
\KV@toks@=\toks14
)
("C:\Program Files\MiKTeX 2.9\tex\latex\graphics\graphics.sty"
Package: graphics 2009/02/05 v1.0o Standard LaTeX Graphics (DPC,SPQR)

("C:\Program Files\MiKTeX 2.9\tex\latex\graphics\trig.sty"
Package: trig 1999/03/16 v1.09 sin cos tan (DPC)
)
("C:\Program Files\MiKTeX 2.9\tex\latex\00miktex\graphics.cfg"
File: graphics.cfg 2007/01/18 v1.5 graphics configuration of teTeX/TeXLive
)
Package graphics Info: Driver file: pdftex.def on input line 91.

("C:\Program Files\MiKTeX 2.9\tex\latex\pdftex-def\pdftex.def"
File: pdftex.def 2011/05/27 v0.06d Graphics/color for pdfTeX

("C:\Program Files\MiKTeX 2.9\tex\generic\oberdiek\infwarerr.sty"
Package: infwarerr 2010/04/08 v1.3 Providing info/warning/error messages (HO)
)
("C:\Program Files\MiKTeX 2.9\tex\generic\oberdiek\ltxcmds.sty"
Package: ltxcmds 2011/11/09 v1.22 LaTeX kernel commands for general use (HO)
)
\Gread@gobject=\count87
))
\Gin@req@height=\dimen103
\Gin@req@width=\dimen104
)
("C:\Program Files\MiKTeX 2.9\tex\latex\graphics\color.sty"
Package: color 2005/11/14 v1.0j Standard LaTeX Color (DPC)

("C:\Program Files\MiKTeX 2.9\tex\latex\00miktex\color.cfg"
File: color.cfg 2007/01/18 v1.5 color configuration of teTeX/TeXLive
)
Package color Info: Driver file: pdftex.def on input line 130.
)
(C:\Users\Eric\Documents\GitHub\extensive-assignments\ext2\framed.sty
Package: framed 2011/10/22 v 0.96: framed or shaded text with page breaks
\OuterFrameSep=\skip43
\fb@frw=\dimen105
\fb@frh=\dimen106
\FrameRule=\dimen107
\FrameSep=\dimen108
))
("C:\Program Files\MiKTeX 2.9\tex\latex\base\alltt.sty"
Package: alltt 1997/06/16 v2.0g defines alltt environment
)
("C:\Program Files\MiKTeX 2.9\tex\latex\hyperref\hyperref.sty"
Package: hyperref 2012/11/06 v6.83m Hypertext links for LaTeX

("C:\Program Files\MiKTeX 2.9\tex\generic\oberdiek\hobsub-hyperref.sty"
Package: hobsub-hyperref 2012/04/25 v1.12 Bundle oberdiek, subset hyperref (HO)


("C:\Program Files\MiKTeX 2.9\tex\generic\oberdiek\hobsub-generic.sty"
Package: hobsub-generic 2012/04/25 v1.12 Bundle oberdiek, subset generic (HO)
Package: hobsub 2012/04/25 v1.12 Construct package bundles (HO)
Package hobsub Info: Skipping package `infwarerr' (already loaded).
Package hobsub Info: Skipping package `ltxcmds' (already loaded).
Package: ifluatex 2010/03/01 v1.3 Provides the ifluatex switch (HO)
Package ifluatex Info: LuaTeX not detected.
Package: ifvtex 2010/03/01 v1.5 Detect VTeX and its facilities (HO)
Package ifvtex Info: VTeX not detected.
Package: intcalc 2007/09/27 v1.1 Expandable calculations with integers (HO)
Package: ifpdf 2011/01/30 v2.3 Provides the ifpdf switch (HO)
Package ifpdf Info: pdfTeX in PDF mode is detected.
Package: etexcmds 2011/02/16 v1.5 Avoid name clashes with e-TeX commands (HO)
Package etexcmds Info: Could not find \expanded.
(etexcmds)             That can mean that you are not using pdfTeX 1.50 or
(etexcmds)             that some package has redefined \expanded.
(etexcmds)             In the latter case, load this package earlier.
Package: kvsetkeys 2012/04/25 v1.16 Key value parser (HO)
Package: kvdefinekeys 2011/04/07 v1.3 Define keys (HO)
Package: pdftexcmds 2011/11/29 v0.20 Utility functions of pdfTeX for LuaTeX (HO
)
Package pdftexcmds Info: LuaTeX not detected.
Package pdftexcmds Info: \pdf@primitive is available.
Package pdftexcmds Info: \pdf@ifprimitive is available.
Package pdftexcmds Info: \pdfdraftmode found.
Package: pdfescape 2011/11/25 v1.13 Implements pdfTeX's escape features (HO)
Package: bigintcalc 2012/04/08 v1.3 Expandable calculations on big integers (HO
)
Package: bitset 2011/01/30 v1.1 Handle bit-vector datatype (HO)
Package: uniquecounter 2011/01/30 v1.2 Provide unlimited unique counter (HO)
)
Package hobsub Info: Skipping package `hobsub' (already loaded).
Package: letltxmacro 2010/09/02 v1.4 Let assignment for LaTeX macros (HO)
Package: hopatch 2011/06/24 v1.1 Wrapper for package hooks (HO)
Package: xcolor-patch 2011/01/30 xcolor patch
Package: atveryend 2011/06/30 v1.8 Hooks at the very end of document (HO)
Package atveryend Info: \enddocument detected (standard20110627).
Package: atbegshi 2011/10/05 v1.16 At begin shipout hook (HO)
Package: refcount 2011/10/16 v3.4 Data extraction from label references (HO)
Package: hycolor 2011/01/30 v1.7 Color options for hyperref/bookmark (HO)
)
("C:\Program Files\MiKTeX 2.9\tex\generic\ifxetex\ifxetex.sty"
Package: ifxetex 2010/09/12 v0.6 Provides ifxetex conditional
)
("C:\Program Files\MiKTeX 2.9\tex\latex\oberdiek\auxhook.sty"
Package: auxhook 2011/03/04 v1.3 Hooks for auxiliary files (HO)
)
("C:\Program Files\MiKTeX 2.9\tex\latex\oberdiek\kvoptions.sty"
Package: kvoptions 2011/06/30 v3.11 Key value format for package options (HO)
)
\@linkdim=\dimen109
\Hy@linkcounter=\count88
\Hy@pagecounter=\count89

("C:\Program Files\MiKTeX 2.9\tex\latex\hyperref\pd1enc.def"
File: pd1enc.def 2012/11/06 v6.83m Hyperref: PDFDocEncoding definition (HO)
)
\Hy@SavedSpaceFactor=\count90

("C:\Program Files\MiKTeX 2.9\tex\latex\00miktex\hyperref.cfg"
File: hyperref.cfg 2002/06/06 v1.2 hyperref configuration of TeXLive
)
Package hyperref Info: Hyper figures OFF on input line 4443.
Package hyperref Info: Link nesting OFF on input line 4448.
Package hyperref Info: Hyper index ON on input line 4451.
Package hyperref Info: Plain pages OFF on input line 4458.
Package hyperref Info: Backreferencing OFF on input line 4463.
Package hyperref Info: Implicit mode ON; LaTeX internals redefined.
Package hyperref Info: Bookmarks ON on input line 4688.
\c@Hy@tempcnt=\count91

("C:\Program Files\MiKTeX 2.9\tex\latex\url\url.sty"
\Urlmuskip=\muskip10
Package: url 2013/09/16  ver 3.4  Verb mode for urls, etc.
)
LaTeX Info: Redefining \url on input line 5041.
\XeTeXLinkMargin=\dimen110
\Fld@menulength=\count92
\Field@Width=\dimen111
\Fld@charsize=\dimen112
Package hyperref Info: Hyper figures OFF on input line 6295.
Package hyperref Info: Link nesting OFF on input line 6300.
Package hyperref Info: Hyper index ON on input line 6303.
Package hyperref Info: backreferencing OFF on input line 6310.
Package hyperref Info: Link coloring OFF on input line 6315.
Package hyperref Info: Link coloring with OCG OFF on input line 6320.
Package hyperref Info: PDF/A mode OFF on input line 6325.
LaTeX Info: Redefining \ref on input line 6365.
LaTeX Info: Redefining \pageref on input line 6369.
\Hy@abspage=\count93
\c@Item=\count94
\c@Hfootnote=\count95
)

Package hyperref Message: Driver (autodetected): hpdftex.

("C:\Program Files\MiKTeX 2.9\tex\latex\hyperref\hpdftex.def"
File: hpdftex.def 2012/11/06 v6.83m Hyperref driver for pdfTeX
\Fld@listcount=\count96
\c@bookmark@seq@number=\count97

("C:\Program Files\MiKTeX 2.9\tex\latex\oberdiek\rerunfilecheck.sty"
Package: rerunfilecheck 2011/04/15 v1.7 Rerun checks for auxiliary files (HO)
Package uniquecounter Info: New unique counter `rerunfilecheck' on input line 2
82.
)
\Hy@SectionHShift=\skip44
)
("C:\Program Files\MiKTeX 2.9\tex\latex\geometry\geometry.sty"
Package: geometry 2010/09/12 v5.6 Page Geometry
\Gm@cnth=\count98
\Gm@cntv=\count99
\c@Gm@tempcnt=\count100
\Gm@bindingoffset=\dimen113
\Gm@wd@mp=\dimen114
\Gm@odd@mp=\dimen115
\Gm@even@mp=\dimen116
\Gm@layoutwidth=\dimen117
\Gm@layoutheight=\dimen118
\Gm@layouthoffset=\dimen119
\Gm@layoutvoffset=\dimen120
\Gm@dimlist=\toks15

("C:\Program Files\MiKTeX 2.9\tex\latex\geometry\geometry.cfg"))
("C:\Program Files\MiKTeX 2.9\tex\latex\float\float.sty"
Package: float 2001/11/08 v1.3d Float enhancements (AL)
\c@float@type=\count101
\float@exts=\toks16
\float@box=\box26
\@float@everytoks=\toks17
\@floatcapt=\box27
)
("C:\Program Files\MiKTeX 2.9\tex\latex\amsmath\amsmath.sty"
Package: amsmath 2013/01/14 v2.14 AMS math features
\@mathmargin=\skip45

For additional information on amsmath, use the `?' option.
("C:\Program Files\MiKTeX 2.9\tex\latex\amsmath\amstext.sty"
Package: amstext 2000/06/29 v2.01

("C:\Program Files\MiKTeX 2.9\tex\latex\amsmath\amsgen.sty"
File: amsgen.sty 1999/11/30 v2.0
\@emptytoks=\toks18
\ex@=\dimen121
))
("C:\Program Files\MiKTeX 2.9\tex\latex\amsmath\amsbsy.sty"
Package: amsbsy 1999/11/29 v1.2d
\pmbraise@=\dimen122
)
("C:\Program Files\MiKTeX 2.9\tex\latex\amsmath\amsopn.sty"
Package: amsopn 1999/12/14 v2.01 operator names
)
\inf@bad=\count102
LaTeX Info: Redefining \frac on input line 210.
\uproot@=\count103
\leftroot@=\count104
LaTeX Info: Redefining \overline on input line 306.
\classnum@=\count105
\DOTSCASE@=\count106
LaTeX Info: Redefining \ldots on input line 378.
LaTeX Info: Redefining \dots on input line 381.
LaTeX Info: Redefining \cdots on input line 466.
\Mathstrutbox@=\box28
\strutbox@=\box29
\big@size=\dimen123
LaTeX Font Info:    Redeclaring font encoding OML on input line 566.
LaTeX Font Info:    Redeclaring font encoding OMS on input line 567.
\macc@depth=\count107
\c@MaxMatrixCols=\count108
\dotsspace@=\muskip11
\c@parentequation=\count109
\dspbrk@lvl=\count110
\tag@help=\toks19
\row@=\count111
\column@=\count112
\maxfields@=\count113
\andhelp@=\toks20
\eqnshift@=\dimen124
\alignsep@=\dimen125
\tagshift@=\dimen126
\tagwidth@=\dimen127
\totwidth@=\dimen128
\lineht@=\dimen129
\@envbody=\toks21
\multlinegap=\skip46
\multlinetaggap=\skip47
\mathdisplay@stack=\toks22
LaTeX Info: Redefining \[ on input line 2665.
LaTeX Info: Redefining \] on input line 2666.
)
("C:\Program Files\MiKTeX 2.9\tex\latex\amsfonts\amssymb.sty"
Package: amssymb 2013/01/14 v3.01 AMS font symbols

("C:\Program Files\MiKTeX 2.9\tex\latex\amsfonts\amsfonts.sty"
Package: amsfonts 2013/01/14 v3.01 Basic AMSFonts support
\symAMSa=\mathgroup4
\symAMSb=\mathgroup5
LaTeX Font Info:    Overwriting math alphabet `\mathfrak' in version `bold'
(Font)                  U/euf/m/n --> U/euf/b/n on input line 106.
))
("C:\Program Files\MiKTeX 2.9\tex\latex\bezos\accents.sty"
Package: accents 2006/05/12 v1.3 Math Accent Tools
\cc@skew=\dimen130
\cc@wd=\dimen131
\cc@code=\count114
\cc@group=\count115
\cc@skewchar=\count116
)
("C:\Program Files\MiKTeX 2.9\tex\latex\upquote\upquote.sty"
Package: upquote 2012/04/19 v1.3 upright-quote and grave-accent glyphs in verba
tim
)
(C:\Users\Eric\Documents\GitHub\extensive-assignments\ext2\Hare_Tyner_Extensive
Assn2.aux)
LaTeX Font Info:    Checking defaults for OML/cmm/m/it on input line 9.
LaTeX Font Info:    ... okay on input line 9.
LaTeX Font Info:    Checking defaults for T1/cmr/m/n on input line 9.
LaTeX Font Info:    ... okay on input line 9.
LaTeX Font Info:    Checking defaults for OT1/cmr/m/n on input line 9.
LaTeX Font Info:    ... okay on input line 9.
LaTeX Font Info:    Checking defaults for OMS/cmsy/m/n on input line 9.
LaTeX Font Info:    ... okay on input line 9.
LaTeX Font Info:    Checking defaults for OMX/cmex/m/n on input line 9.
LaTeX Font Info:    ... okay on input line 9.
LaTeX Font Info:    Checking defaults for U/cmr/m/n on input line 9.
LaTeX Font Info:    ... okay on input line 9.
LaTeX Font Info:    Checking defaults for PD1/pdf/m/n on input line 9.
LaTeX Font Info:    ... okay on input line 9.
 ("C:\Program Files\MiKTeX 2.9\tex\context\base\supp-pdf.mkii"
[Loading MPS to PDF converter (version 2006.09.02).]
\scratchcounter=\count117
\scratchdimen=\dimen132
\scratchbox=\box30
\nofMPsegments=\count118
\nofMParguments=\count119
\everyMPshowfont=\toks23
\MPscratchCnt=\count120
\MPscratchDim=\dimen133
\MPnumerator=\count121
\makeMPintoPDFobject=\count122
\everyMPtoPDFconversion=\toks24
)
\AtBeginShipoutBox=\box31
Package hyperref Info: Link coloring OFF on input line 9.
 ("C:\Program Files\MiKTeX 2.9\tex\latex\hyperref\nameref.sty"
Package: nameref 2012/10/27 v2.43 Cross-referencing by name of section

("C:\Program Files\MiKTeX 2.9\tex\generic\oberdiek\gettitlestring.sty"
Package: gettitlestring 2010/12/03 v1.4 Cleanup title references (HO)
)
\c@section@level=\count123
)
LaTeX Info: Redefining \ref on input line 9.
LaTeX Info: Redefining \pageref on input line 9.
LaTeX Info: Redefining \nameref on input line 9.

(C:\Users\Eric\Documents\GitHub\extensive-assignments\ext2\Hare_Tyner_Extensive
Assn2.out)
(C:\Users\Eric\Documents\GitHub\extensive-assignments\ext2\Hare_Tyner_Extensive
Assn2.out)
\@outlinefile=\write3

*geometry* driver: auto-detecting
*geometry* detected driver: pdftex
*geometry* verbose mode - [ preamble ] result:
* driver: pdftex
* paper: <default>
* layout: <same size as paper>
* layoutoffset:(h,v)=(0.0pt,0.0pt)
* modes: 
* h-part:(L,W,R)=(72.26999pt, 469.75502pt, 72.26999pt)
* v-part:(T,H,B)=(72.26999pt, 650.43001pt, 72.26999pt)
* \paperwidth=614.295pt
* \paperheight=794.96999pt
* \textwidth=469.75502pt
* \textheight=650.43001pt
* \oddsidemargin=0.0pt
* \evensidemargin=0.0pt
* \topmargin=-37.0pt
* \headheight=12.0pt
* \headsep=25.0pt
* \topskip=11.0pt
* \footskip=30.0pt
* \marginparwidth=59.0pt
* \marginparsep=10.0pt
* \columnsep=10.0pt
* \skip\footins=10.0pt plus 4.0pt minus 2.0pt
* \hoffset=0.0pt
* \voffset=0.0pt
* \mag=1000
* \@twocolumnfalse
* \@twosidefalse
* \@mparswitchfalse
* \@reversemarginfalse
* (1in=72.27pt=25.4mm, 1cm=28.453pt)

LaTeX Font Info:    Try loading font information for U+msa on input line 23.
("C:\Program Files\MiKTeX 2.9\tex\latex\amsfonts\umsa.fd"
File: umsa.fd 2013/01/14 v3.01 AMS symbols A
)
LaTeX Font Info:    Try loading font information for U+msb on input line 23.

("C:\Program Files\MiKTeX 2.9\tex\latex\amsfonts\umsb.fd"
File: umsb.fd 2013/01/14 v3.01 AMS symbols B
) [1

{C:/ProgramData/MiKTeX/2.9/pdftex/config/pdftex.map}]
Underfull \hbox (badness 10000) in paragraph at lines 35--38

 []


Underfull \hbox (badness 10000) in paragraph at lines 35--38

 []


Underfull \hbox (badness 10000) in paragraph at lines 39--40

 []


Underfull \hbox (badness 10000) in paragraph at lines 45--46

 []


Underfull \hbox (badness 10000) in paragraph at lines 58--59

 []


Underfull \hbox (badness 10000) in paragraph at lines 65--66

 []

pdfTeX warning (ext4): destination with the same identifier (name{page.1}) has 
been already used, duplicate ignored
<to be read again> 
                   \relax 
l.66 
      [1

]
Overfull \hbox (31.98788pt too wide) in paragraph at lines 70--70
[] 
 []

[2]
Package color Info: Redefining color shadecolor on input line 105.
LaTeX Font Info:    Font shape `OT1/cmtt/bx/n' in size <10.95> not available
(Font)              Font shape `OT1/cmtt/m/n' tried instead on input line 107.

Overfull \hbox (70.62163pt too wide) in paragraph at lines 108--108
[]    []\OT1/cmtt/m/n/10.95 length[][](start)),[] []upper[] []=[] []rep[][]([][
]Inf[][],[] []length[][](start)),[] []tol[] []=[] []rep[][]([][]0.01[][],[] []3
[][]),[] []max.iterations[] []=[] []100[][],[][] 
 []

LaTeX Font Info:    Try loading font information for OMS+cmtt on input line 109
.
(C:/PROGRA~1/R/R-31~1.0/share/texmf/tex/latex\omscmtt.fd
File: omscmtt.fd 
)
LaTeX Font Info:    Font shape `OMS/cmtt/m/n' in size <10.95> not available
(Font)              Font shape `OMS/cmsy/m/n' tried instead on input line 109.

Overfull \hbox (18.88344pt too wide) in paragraph at lines 115--115
[]        []\OT1/cmtt/m/n/10.95 new[] []<-[] []as.vector[][](current[] []-[] []
solve[][]([][]hessian[][](current, ...))[] []%*%[] []gradient[][](current,[][] 

 []


Overfull \hbox (36.1295pt too wide) in paragraph at lines 120--120
[]        []\OT1/cmtt/m/n/10.95 if[] []([][]![][]([][]any[][]([][]abs[][]([][]g
radient[][](new, ...))[] []>[] []tol[[][]1[][]])[] []|[] []loglik[][](new, ...)
[] []-[] []loglik[][](current,[][] 
 []


Overfull \hbox (1.3637pt too wide) in paragraph at lines 135--135
[]            []\OT1/cmtt/m/n/10.95 while[] [](m[] []<[] []max.iterations[] []&
[] []loglik[][](new, ...)[] []<[] []loglik[][](current, ...)) \OMS/cmsy/m/n/10.
95 f[][] 
 []

[3]
Package color Info: Redefining color shadecolor on input line 174.
 [4]
Package color Info: Redefining color shadecolor on input line 225.


LaTeX Warning: No positions in optional float specifier.
               Default added (so using `tbp') on input line 225.

<figure/reg_plot.pdf, id=98, 505.89pt x 505.89pt>
File: figure/reg_plot.pdf Graphic file (type pdf)
 <use figure/reg_plot.pdf>
Package pdftex.def Info: figure/reg_plot.pdf used on input line 227.
(pdftex.def)             Requested size: 469.75502pt x 469.76265pt.
Package color Info: Redefining color shadecolor on input line 237.

<figure/time14.pdf, id=99, 505.89pt x 505.89pt>
File: figure/time14.pdf Graphic file (type pdf)
 <use figure/time14.pdf>
Package pdftex.def Info: figure/time14.pdf used on input line 238.
(pdftex.def)             Requested size: 469.75502pt x 469.76265pt.

[5] [6pdfTeX warning (ext4): destination with the same identifier (name{figure.
1}) has been already used, duplicate ignored

\AtBegShi@Output ...ipout \box \AtBeginShipoutBox 
                                                  \fi \fi 
l.243 \subsection
                 {Model Assessment} <C:/Users/Eric/Documents/GitHub/extensive-a
ssignments/ext2/figure/reg_plot.pdf>] [7 <C:/Users/Eric/Documents/GitHub/extens
ive-assignments/ext2/figure/time14.pdf>]
Underfull \hbox (badness 10000) in paragraph at lines 275--276

 []


Underfull \hbox (badness 10000) in paragraph at lines 277--279

 []

Package color Info: Redefining color shadecolor on input line 281.
[8]
Package color Info: Redefining color shadecolor on input line 322.
 [9

] [10]
Package color Info: Redefining color shadecolor on input line 363.
 <figure/slr.pdf, id=145, 505.89pt x 505.89pt>
File: figure/slr.pdf Graphic file (type pdf)

<use figure/slr.pdf>
Package pdftex.def Info: figure/slr.pdf used on input line 364.
(pdftex.def)             Requested size: 469.75502pt x 469.76265pt.
 [11

 <C:/Users/Eric/Documents/GitHub/extensive-assignments/ext2/figure/slr.pdf>]
Package color Info: Redefining color shadecolor on input line 374.

Overfull \hbox (18.88344pt too wide) in paragraph at lines 437--437
[]    []\OT1/cmtt/m/n/10.95 return[][]([][]matrix[][]([][]c[][](d2ldb02, d2ldb0
db1, d2ldb1db0, d2ldb12),[] []nrow[] []=[] []2[][],[] []byrow[] []=[] []TRUE[][
]))[][] 
 []


Overfull \hbox (70.62163pt too wide) in paragraph at lines 440--440
[]    []\OT1/cmtt/m/n/10.95 length[][](start)),[] []upper[] []=[] []rep[][]([][
]Inf[][],[] []length[][](start)),[] []tol[] []=[] []rep[][]([][]0.01[][],[] []3
[][]),[] []max.iterations[] []=[] []100[][],[][] 
 []


Overfull \hbox (18.88344pt too wide) in paragraph at lines 447--447
[]        []\OT1/cmtt/m/n/10.95 new[] []<-[] []as.vector[][](current[] []-[] []
solve[][]([][]hessian[][](current, ...))[] []%*%[] []gradient[][](current,[][] 

 []


Overfull \hbox (36.1295pt too wide) in paragraph at lines 452--452
[]        []\OT1/cmtt/m/n/10.95 if[] []([][]![][]([][]any[][]([][]abs[][]([][]g
radient[][](new, ...))[] []>[] []tol[[][]1[][]])[] []|[] []loglik[][](new, ...)
[] []-[] []loglik[][](current,[][] 
 []


Overfull \hbox (1.3637pt too wide) in paragraph at lines 467--467
[]            []\OT1/cmtt/m/n/10.95 while[] [](m[] []<[] []max.iterations[] []&
[] []loglik[][](new, ...)[] []<[] []loglik[][](current, ...)) \OMS/cmsy/m/n/10.
95 f[][] 
 []


Overfull \hbox (30.38081pt too wide) in paragraph at lines 526--526
[][]\OT1/cmtt/m/n/10.95 y[] []<-[] []beta.fn[][]([][]par[] []=[] []c[][](mle.1[
][]$[][]par1, mle.1[][]$[][]par2),[] []y[] []= meat.data[][]$[][]score1,[] []x[
] []= meat.data[][]$[][]time,[][] 
 []


Overfull \hbox (13.13475pt too wide) in paragraph at lines 529--529
[][]\OT1/cmtt/m/n/10.95 mu.1[] []<-[] []exp[][](mle.1[][]$[][]par1[] []+[] []ml
e.1[][]$[][]par2[] []*[] []meat.data[][]$[][]time)[][]/[][]([][]exp[][](mle.1[]
[]$[][]par1[] []+[] []mle.1[][]$[][]par2[] []*[][] 
 []


Overfull \hbox (13.13475pt too wide) in paragraph at lines 531--531
[][]\OT1/cmtt/m/n/10.95 mu.2[] []<-[] []exp[][](mle.2[][]$[][]par1[] []+[] []ml
e.2[][]$[][]par2[] []*[] []meat.data[][]$[][]time)[][]/[][]([][]exp[][](mle.2[]
[]$[][]par1[] []+[] []mle.2[][]$[][]par2[] []*[][] 
 []


Overfull \hbox (7.38606pt too wide) in paragraph at lines 533--533
[][]\OT1/cmtt/m/n/10.95 mu.comb[] []<-[] []exp[][](mle.comb[][]$[][]par1[] []+[
] []mle.comb[][]$[][]par2[] []*[] []meat.data[][]$[][]time)[][]/[][]([][]exp[][
](mle.comb[][]$[][]par1[] []+[][] 
 []


Overfull \hbox (13.13475pt too wide) in paragraph at lines 540--540
[]    []\OT1/cmtt/m/n/10.95 size[] []=[] []2[][],[] []alpha[] []=[] []0.6[][])[
] []+[] []geom_point[][]([][]data[] []= meat.data,[] []aes[][]([][]x[] []= time
,[] []y[] []= score2),[][] 
 []


Overfull \hbox (53.37556pt too wide) in paragraph at lines 550--550
[][]\OT1/cmtt/m/n/10.95 p1[] []<-[] []qplot[][](y, vals.11,[] []geom[] []=[] []
"point"[][],[] []colour[] []=[] []I[][]([][]"red"[][]))[] []+[] []geom_line[][]
([][]colour[] []=[] []I[][]([][]"red"[][]))[] []+[][] 
 []


Overfull \hbox (18.88344pt too wide) in paragraph at lines 551--551
[]    []\OT1/cmtt/m/n/10.95 geom_point[][]([][]data[] []=[] []data.frame[][]([]
[]x[] []= y,[] []y[] []= vals.21),[] []inherit.aes[] []=[] []FALSE[][],[] []aes
[][]([][]x[] []= x,[][] 
 []


Overfull \hbox (7.38606pt too wide) in paragraph at lines 552--552
[]        []\OT1/cmtt/m/n/10.95 y[] []= y),[] []colour[] []=[] []"blue"[][])[] 
[]+[] []geom_line[][]([][]data[] []=[] []data.frame[][]([][]x[] []= y,[] []y[] 
[]= vals.21),[][] 
 []


Overfull \hbox (53.37556pt too wide) in paragraph at lines 559--559
[][]\OT1/cmtt/m/n/10.95 p2[] []<-[] []qplot[][](y, vals.12,[] []geom[] []=[] []
"point"[][],[] []colour[] []=[] []I[][]([][]"red"[][]))[] []+[] []geom_line[][]
([][]colour[] []=[] []I[][]([][]"red"[][]))[] []+[][] 
 []


Overfull \hbox (18.88344pt too wide) in paragraph at lines 560--560
[]    []\OT1/cmtt/m/n/10.95 geom_point[][]([][]data[] []=[] []data.frame[][]([]
[]x[] []= y,[] []y[] []= vals.22),[] []inherit.aes[] []=[] []FALSE[][],[] []aes
[][]([][]x[] []= x,[][] 
 []


Overfull \hbox (7.38606pt too wide) in paragraph at lines 561--561
[]        []\OT1/cmtt/m/n/10.95 y[] []= y),[] []colour[] []=[] []"blue"[][])[] 
[]+[] []geom_line[][]([][]data[] []=[] []data.frame[][]([][]x[] []= y,[] []y[] 
[]= vals.22),[][] 
 []


Overfull \hbox (53.37556pt too wide) in paragraph at lines 568--568
[][]\OT1/cmtt/m/n/10.95 p3[] []<-[] []qplot[][](y, vals.13,[] []geom[] []=[] []
"point"[][],[] []colour[] []=[] []I[][]([][]"red"[][]))[] []+[] []geom_line[][]
([][]colour[] []=[] []I[][]([][]"red"[][]))[] []+[][] 
 []


Overfull \hbox (18.88344pt too wide) in paragraph at lines 569--569
[]    []\OT1/cmtt/m/n/10.95 geom_point[][]([][]data[] []=[] []data.frame[][]([]
[]x[] []= y,[] []y[] []= vals.23),[] []inherit.aes[] []=[] []FALSE[][],[] []aes
[][]([][]x[] []= x,[][] 
 []


Overfull \hbox (7.38606pt too wide) in paragraph at lines 570--570
[]        []\OT1/cmtt/m/n/10.95 y[] []= y),[] []colour[] []=[] []"blue"[][])[] 
[]+[] []geom_line[][]([][]data[] []=[] []data.frame[][]([][]x[] []= y,[] []y[] 
[]= vals.23),[][] 
 []


Overfull \hbox (53.37556pt too wide) in paragraph at lines 577--577
[][]\OT1/cmtt/m/n/10.95 p4[] []<-[] []qplot[][](y, vals.14,[] []geom[] []=[] []
"point"[][],[] []colour[] []=[] []I[][]([][]"red"[][]))[] []+[] []geom_line[][]
([][]colour[] []=[] []I[][]([][]"red"[][]))[] []+[][] 
 []


Overfull \hbox (18.88344pt too wide) in paragraph at lines 578--578
[]    []\OT1/cmtt/m/n/10.95 geom_point[][]([][]data[] []=[] []data.frame[][]([]
[]x[] []= y,[] []y[] []= vals.24),[] []inherit.aes[] []=[] []FALSE[][],[] []aes
[][]([][]x[] []= x,[][] 
 []


Overfull \hbox (7.38606pt too wide) in paragraph at lines 579--579
[]        []\OT1/cmtt/m/n/10.95 y[] []= y),[] []colour[] []=[] []"blue"[][])[] 
[]+[] []geom_line[][]([][]data[] []=[] []data.frame[][]([][]x[] []= y,[] []y[] 
[]= vals.24),[][] 
 []


Overfull \hbox (975.08275pt too wide) in paragraph at lines 601--601
[][]\OT1/cmtt/m/n/10.95 model[] []<-[] []"model\OMS/cmsy/m/n/10.95 fn\OT1/cmtt/
m/n/10.95 n  for (i in 1:N)\OMS/cmsy/m/n/10.95 fn\OT1/cmtt/m/n/10.95 n    y[i]~
dbeta(alpha[i],beta[i])\OMS/cmsy/m/n/10.95 n\OT1/cmtt/m/n/10.95 n    alpha[i] <
- mu[i]*phi\OMS/cmsy/m/n/10.95 n\OT1/cmtt/m/n/10.95 n    beta[i] <- (1-mu[i])*p
hi\OMS/cmsy/m/n/10.95 n\OT1/cmtt/m/n/10.95 n    logit(mu[i]) <- beta0+beta1*x[i
]\OMS/cmsy/m/n/10.95 n\OT1/cmtt/m/n/10.95 n    \OMS/cmsy/m/n/10.95 gn\OT1/cmtt/
m/n/10.95 n  beta0 ~ dunif(-50,50)\OMS/cmsy/m/n/10.95 n\OT1/cmtt/m/n/10.95 n  b
eta1 ~ dunif(-50,50)\OMS/cmsy/m/n/10.95 n\OT1/cmtt/m/n/10.95 n  phi ~ dgamma(0.
01,0.01)\OMS/cmsy/m/n/10.95 n\OT1/cmtt/m/n/10.95 n\OMS/cmsy/m/n/10.95 g\OT1/cmt
t/m/n/10.95 "[][] 
 []


Overfull \hbox (30.38081pt too wide) in paragraph at lines 622--622
[][]\OT1/cmtt/m/n/10.95 p1[] []<-[] []qplot[][](meat.data[][]$[][]time, mu.lm.1
,[] []geom[] []=[] []"line"[][],[] []colour[] []=[] []I[][]([][]"darkred"[][]),
[] []size[] []=[] []I[][]([][]2[][]),[][] 
 []


Overfull \hbox (36.1295pt too wide) in paragraph at lines 630--630
[][]\OT1/cmtt/m/n/10.95 p3[] []<-[] []qplot[][]([][]fitted[][](lm.1),[] []resid
[][](lm.1),[] []geom[] []=[] []"point"[][],[] []colour[] []=[] []I[][]([][]"red
"[][]),[] []size[] []=[] []I[][]([][]2[][]))[] []+[][] 
 []


Overfull \hbox (41.87819pt too wide) in paragraph at lines 632--632
[][]\OT1/cmtt/m/n/10.95 p4[] []<-[] []qplot[][]([][]fitted[][](lm.2),[] []resid
[][](lm.2),[] []geom[] []=[] []"point"[][],[] []colour[] []=[] []I[][]([][]"blu
e"[][]),[] []size[] []=[] []I[][]([][]2[][]))[] []+[][] 
 []

[12

]
Underfull \vbox (badness 10000) detected at line 637
 []


Underfull \vbox (badness 10000) detected at line 637
 []

[13]
Underfull \vbox (badness 10000) detected at line 637
 []


Underfull \vbox (badness 10000) detected at line 637
 []

[14]
Underfull \vbox (badness 10000) detected at line 637
 []


Underfull \vbox (badness 10000) detected at line 637
 []

[15]
Underfull \vbox (badness 10000) detected at line 637
 []


Underfull \vbox (badness 10000) detected at line 637
 []

[16]
Package atveryend Info: Empty hook `BeforeClearDocument' on input line 641.
 [17]
Package atveryend Info: Empty hook `AfterLastShipout' on input line 641.

(C:\Users\Eric\Documents\GitHub\extensive-assignments\ext2\Hare_Tyner_Extensive
Assn2.aux)
Package atveryend Info: Executing hook `AtVeryEndDocument' on input line 641.
Package atveryend Info: Executing hook `AtEndAfterFileList' on input line 641.
Package rerunfilecheck Info: File `Hare_Tyner_ExtensiveAssn2.out' has not chang
ed.
(rerunfilecheck)             Checksum: 11437FF5CB9C9289DD583ACE3FAB6980;1025.
Package atveryend Info: Empty hook `AtVeryVeryEnd' on input line 641.
 ) 
Here is how much of TeX's memory you used:
 6603 strings out of 493921
 94917 string characters out of 3147285
 307605 words of memory out of 3000000
 9772 multiletter control sequences out of 15000+200000
 14531 words of font info for 56 fonts, out of 3000000 for 9000
 841 hyphenation exceptions out of 8191
 34i,16n,32p,742b,372s stack positions out of 5000i,500n,10000p,200000b,50000s
<C:/Program Files/MiKTeX 2.9/fonts/type1/public/amsfonts/cm/cmbx10.pfb><C:/Pr
ogram Files/MiKTeX 2.9/fonts/type1/public/amsfonts/cm/cmbx12.pfb><C:/Program Fi
les/MiKTeX 2.9/fonts/type1/public/amsfonts/cm/cmbx9.pfb><C:/Program Files/MiKTe
X 2.9/fonts/type1/public/amsfonts/cm/cmex10.pfb><C:/Program Files/MiKTeX 2.9/fo
nts/type1/public/amsfonts/cm/cmitt10.pfb><C:/Program Files/MiKTeX 2.9/fonts/typ
e1/public/amsfonts/cm/cmmi10.pfb><C:/Program Files/MiKTeX 2.9/fonts/type1/publi
c/amsfonts/cm/cmmi6.pfb><C:/Program Files/MiKTeX 2.9/fonts/type1/public/amsfont
s/cm/cmmi8.pfb><C:/Program Files/MiKTeX 2.9/fonts/type1/public/amsfonts/cm/cmr1
0.pfb><C:/Program Files/MiKTeX 2.9/fonts/type1/public/amsfonts/cm/cmr12.pfb><C:
/Program Files/MiKTeX 2.9/fonts/type1/public/amsfonts/cm/cmr17.pfb><C:/Program 
Files/MiKTeX 2.9/fonts/type1/public/amsfonts/cm/cmr6.pfb><C:/Program Files/MiKT
eX 2.9/fonts/type1/public/amsfonts/cm/cmr8.pfb><C:/Program Files/MiKTeX 2.9/fon
ts/type1/public/amsfonts/cm/cmr9.pfb><C:/Program Files/MiKTeX 2.9/fonts/type1/p
ublic/amsfonts/cm/cmsy10.pfb><C:/Program Files/MiKTeX 2.9/fonts/type1/public/am
sfonts/cm/cmsy8.pfb><C:/Program Files/MiKTeX 2.9/fonts/type1/public/amsfonts/cm
/cmti9.pfb><C:/Program Files/MiKTeX 2.9/fonts/type1/public/amsfonts/cm/cmtt10.p
fb>
Output written on Hare_Tyner_ExtensiveAssn2.pdf (18 pages, 337014 bytes).
PDF statistics:
 248 PDF objects out of 1000 (max. 8388607)
 35 named destinations out of 1000 (max. 500000)
 136 words of extra memory for PDF output out of 10000 (max. 10000000)

